2024-05-13 13:20:13,332 [INFO] NvicIntPanel:101 - NVIC parent = com.st.microxplorer.plugins.ip.nvic.MultiNvicIntPanel[,0,0,0x0,invalid,layout=javax.swing.BoxLayout,alignmentX=0.0,alignmentY=0.0,border=,flags=9,maximumSize=,minimumSize=,preferredSize=]
2024-05-13 13:20:20,355 [INFO] NvicIntPanel:101 - NVIC parent = com.st.microxplorer.plugins.ip.nvic.MultiNvicIntPanel[,0,0,0x0,invalid,layout=javax.swing.BoxLayout,alignmentX=0.0,alignmentY=0.0,border=,flags=9,maximumSize=,minimumSize=,preferredSize=]
2024-05-13 13:20:25,398 [INFO] UtilMem:75 - End SaveConfig() Used Memory: 875675128 Bytes (1073741824)
2024-05-13 13:20:26,595 [INFO] UtilMem:75 - End SaveConfig() Used Memory: 892974584 Bytes (1073741824)
2024-05-13 13:20:28,709 [INFO] UtilMem:75 - End SaveConfig() Used Memory: 734053840 Bytes (1073741824)
2024-05-13 13:20:31,060 [INFO] BlockDiagram:2759 - set Specific Code input for plugin: NVIC
2024-05-13 13:20:31,063 [INFO] BlockDiagram:2759 - set Specific Code input for plugin: FREERTOS
2024-05-13 13:20:31,063 [INFO] BlockDiagram:2759 - set Specific Code input for plugin: USART
2024-05-13 13:20:31,063 [INFO] BlockDiagram:2759 - set Specific Code input for plugin: USART
2024-05-13 13:20:31,063 [INFO] BlockDiagram:2759 - set Specific Code input for plugin: USART
2024-05-13 13:20:31,063 [INFO] BlockDiagram:2759 - set Specific Code input for plugin: SYS
2024-05-13 13:20:31,066 [INFO] BlockDiagram:2759 - set Specific Code input for plugin: GPIO
2024-05-13 13:20:31,066 [INFO] BlockDiagram:2759 - set Specific Code input for plugin: ADC
2024-05-13 13:20:31,066 [INFO] BlockDiagram:2759 - set Specific Code input for plugin: RCC
2024-05-13 13:20:31,068 [INFO] CodeGenerator:807 - code generatio: config db path: /Applications/STM32CubeIDE.app/Contents/Eclipse/plugins/com.st.stm32cube.common.mx_6.11.0.202403141607//db/
2024-05-13 13:20:31,164 [INFO] CodeEngine:255 - oldGeneratedFile, /Users/robert/Desktop/Springerfv/A1tester/MXTmpFiles/license.tmp_save
2024-05-13 13:20:31,282 [INFO] CodeEngine:279 - Generated code: /Users/robert/Desktop/Springerfv/A1tester/MXTmpFiles/license.tmp
2024-05-13 13:20:31,326 [INFO] CodeEngine:255 - oldGeneratedFile, /Users/robert/Desktop/Springerfv/A1tester/MXTmpFiles/gpio.tmp_save
2024-05-13 13:20:31,394 [INFO] CodeEngine:279 - Generated code: /Users/robert/Desktop/Springerfv/A1tester/MXTmpFiles/gpio.tmp
2024-05-13 13:20:31,613 [INFO] Middleware:1439 - No code input for Bsp Dependency
2024-05-13 13:20:31,616 [INFO] CodeEngine:255 - oldGeneratedFile, /Users/robert/Desktop/Springerfv/A1tester/MXTmpFiles/rtos_inc.tmp_save
2024-05-13 13:20:31,660 [INFO] CodeEngine:279 - Generated code: /Users/robert/Desktop/Springerfv/A1tester/MXTmpFiles/rtos_inc.tmp
2024-05-13 13:20:31,661 [INFO] CodeEngine:255 - oldGeneratedFile, /Users/robert/Desktop/Springerfv/A1tester/MXTmpFiles/rtos_kernelInit.tmp_save
2024-05-13 13:20:31,703 [INFO] CodeEngine:279 - Generated code: /Users/robert/Desktop/Springerfv/A1tester/MXTmpFiles/rtos_kernelInit.tmp
2024-05-13 13:20:31,704 [INFO] CodeEngine:255 - oldGeneratedFile, /Users/robert/Desktop/Springerfv/A1tester/MXTmpFiles/rtos_kernelStart.tmp_save
2024-05-13 13:20:31,745 [INFO] CodeEngine:279 - Generated code: /Users/robert/Desktop/Springerfv/A1tester/MXTmpFiles/rtos_kernelStart.tmp
2024-05-13 13:20:31,746 [INFO] CodeEngine:255 - oldGeneratedFile, /Users/robert/Desktop/Springerfv/A1tester/MXTmpFiles/rtos_typedefs.tmp_save
2024-05-13 13:20:31,788 [INFO] CodeEngine:279 - Generated code: /Users/robert/Desktop/Springerfv/A1tester/MXTmpFiles/rtos_typedefs.tmp
2024-05-13 13:20:31,790 [INFO] CodeEngine:255 - oldGeneratedFile, /Users/robert/Desktop/Springerfv/A1tester/MXTmpFiles/rtos_vars.tmp_save
2024-05-13 13:20:31,834 [INFO] CodeEngine:279 - Generated code: /Users/robert/Desktop/Springerfv/A1tester/MXTmpFiles/rtos_vars.tmp
2024-05-13 13:20:31,835 [INFO] CodeEngine:255 - oldGeneratedFile, /Users/robert/Desktop/Springerfv/A1tester/MXTmpFiles/rtos_pfp.tmp_save
2024-05-13 13:20:31,876 [INFO] CodeEngine:279 - Generated code: /Users/robert/Desktop/Springerfv/A1tester/MXTmpFiles/rtos_pfp.tmp
2024-05-13 13:20:31,877 [INFO] CodeEngine:255 - oldGeneratedFile, /Users/robert/Desktop/Springerfv/A1tester/MXTmpFiles/rtos_obj_creat.tmp_save
2024-05-13 13:20:31,920 [INFO] CodeEngine:279 - Generated code: /Users/robert/Desktop/Springerfv/A1tester/MXTmpFiles/rtos_obj_creat.tmp
2024-05-13 13:20:31,921 [INFO] CodeEngine:255 - oldGeneratedFile, /Users/robert/Desktop/Springerfv/A1tester/MXTmpFiles/rtos_default_thread.tmp_save
2024-05-13 13:20:31,965 [INFO] CodeEngine:279 - Generated code: /Users/robert/Desktop/Springerfv/A1tester/MXTmpFiles/rtos_default_thread.tmp
2024-05-13 13:20:31,965 [INFO] CodeEngine:255 - oldGeneratedFile, /Users/robert/Desktop/Springerfv/A1tester/MXTmpFiles/rtos_threads.tmp_save
2024-05-13 13:20:32,009 [INFO] CodeEngine:279 - Generated code: /Users/robert/Desktop/Springerfv/A1tester/MXTmpFiles/rtos_threads.tmp
2024-05-13 13:20:32,024 [INFO] Middleware:1439 - No code input for Bsp Dependency
2024-05-13 13:20:32,026 [INFO] CodeEngine:255 - oldGeneratedFile, /Users/robert/Desktop/Springerfv/A1tester/MXTmpFiles/rtos_inc.tmp_save
2024-05-13 13:20:32,074 [INFO] CodeEngine:279 - Generated code: /Users/robert/Desktop/Springerfv/A1tester/MXTmpFiles/rtos_inc.tmp
2024-05-13 13:20:32,077 [INFO] CodeEngine:255 - oldGeneratedFile, /Users/robert/Desktop/Springerfv/A1tester/MXTmpFiles/rtos_kernelInit.tmp_save
2024-05-13 13:20:32,119 [INFO] CodeEngine:279 - Generated code: /Users/robert/Desktop/Springerfv/A1tester/MXTmpFiles/rtos_kernelInit.tmp
2024-05-13 13:20:32,119 [INFO] CodeEngine:255 - oldGeneratedFile, /Users/robert/Desktop/Springerfv/A1tester/MXTmpFiles/rtos_kernelStart.tmp_save
2024-05-13 13:20:32,162 [INFO] CodeEngine:279 - Generated code: /Users/robert/Desktop/Springerfv/A1tester/MXTmpFiles/rtos_kernelStart.tmp
2024-05-13 13:20:32,162 [INFO] CodeEngine:255 - oldGeneratedFile, /Users/robert/Desktop/Springerfv/A1tester/MXTmpFiles/rtos_typedefs.tmp_save
2024-05-13 13:20:32,204 [INFO] CodeEngine:279 - Generated code: /Users/robert/Desktop/Springerfv/A1tester/MXTmpFiles/rtos_typedefs.tmp
2024-05-13 13:20:32,205 [INFO] CodeEngine:255 - oldGeneratedFile, /Users/robert/Desktop/Springerfv/A1tester/MXTmpFiles/rtos_vars.tmp_save
2024-05-13 13:20:32,269 [INFO] CodeEngine:279 - Generated code: /Users/robert/Desktop/Springerfv/A1tester/MXTmpFiles/rtos_vars.tmp
2024-05-13 13:20:32,270 [INFO] CodeEngine:255 - oldGeneratedFile, /Users/robert/Desktop/Springerfv/A1tester/MXTmpFiles/rtos_pfp.tmp_save
2024-05-13 13:20:32,314 [INFO] CodeEngine:279 - Generated code: /Users/robert/Desktop/Springerfv/A1tester/MXTmpFiles/rtos_pfp.tmp
2024-05-13 13:20:32,315 [INFO] CodeEngine:255 - oldGeneratedFile, /Users/robert/Desktop/Springerfv/A1tester/MXTmpFiles/rtos_obj_creat.tmp_save
2024-05-13 13:20:32,358 [INFO] CodeEngine:279 - Generated code: /Users/robert/Desktop/Springerfv/A1tester/MXTmpFiles/rtos_obj_creat.tmp
2024-05-13 13:20:32,358 [INFO] CodeEngine:255 - oldGeneratedFile, /Users/robert/Desktop/Springerfv/A1tester/MXTmpFiles/rtos_default_thread.tmp_save
2024-05-13 13:20:32,399 [INFO] CodeEngine:279 - Generated code: /Users/robert/Desktop/Springerfv/A1tester/MXTmpFiles/rtos_default_thread.tmp
2024-05-13 13:20:32,401 [INFO] CodeEngine:255 - oldGeneratedFile, /Users/robert/Desktop/Springerfv/A1tester/MXTmpFiles/rtos_threads.tmp_save
2024-05-13 13:20:32,444 [INFO] CodeEngine:279 - Generated code: /Users/robert/Desktop/Springerfv/A1tester/MXTmpFiles/rtos_threads.tmp
2024-05-13 13:20:32,448 [INFO] CodeEngine:255 - oldGeneratedFile, /Users/robert/Desktop/Springerfv/A1tester/Core/Inc/FreeRTOSConfig.h_save
2024-05-13 13:20:32,501 [INFO] CodeEngine:279 - Generated code: /Users/robert/Desktop/Springerfv/A1tester/Core/Inc/FreeRTOSConfig.h
2024-05-13 13:20:32,503 [INFO] CodeEngine:255 - oldGeneratedFile, /Users/robert/Desktop/Springerfv/A1tester/Core/Src/freertos.c_save
2024-05-13 13:20:32,550 [INFO] CodeEngine:279 - Generated code: /Users/robert/Desktop/Springerfv/A1tester/Core/Src/freertos.c
2024-05-13 13:20:32,553 [INFO] CodeEngine:255 - oldGeneratedFile, /Users/robert/Desktop/Springerfv/A1tester/Core/Src/stm32f1xx_it.c_save
2024-05-13 13:20:32,645 [INFO] CodeEngine:279 - Generated code: /Users/robert/Desktop/Springerfv/A1tester/Core/Src/stm32f1xx_it.c
2024-05-13 13:20:32,646 [INFO] CodeEngine:255 - oldGeneratedFile, /Users/robert/Desktop/Springerfv/A1tester/Core/Inc/stm32f1xx_it.h_save
2024-05-13 13:20:32,689 [INFO] CodeEngine:279 - Generated code: /Users/robert/Desktop/Springerfv/A1tester/Core/Inc/stm32f1xx_it.h
2024-05-13 13:20:32,695 [INFO] CodeEngine:255 - oldGeneratedFile, /Users/robert/Desktop/Springerfv/A1tester/Core/Src/stm32f1xx_hal_msp.c_save
2024-05-13 13:20:32,768 [INFO] CodeEngine:279 - Generated code: /Users/robert/Desktop/Springerfv/A1tester/Core/Src/stm32f1xx_hal_msp.c
2024-05-13 13:20:32,769 [INFO] CodeEngine:255 - oldGeneratedFile, /Users/robert/Desktop/Springerfv/A1tester/MXTmpFiles/system.tmp_save
2024-05-13 13:20:32,811 [INFO] CodeEngine:279 - Generated code: /Users/robert/Desktop/Springerfv/A1tester/MXTmpFiles/system.tmp
2024-05-13 13:20:32,814 [INFO] CodeEngine:311 - oldGeneratedFile, /Users/robert/Desktop/Springerfv/A1tester/Core/Inc/stm32f1xx_hal_conf.h_save
2024-05-13 13:20:32,863 [INFO] CodeEngine:335 - Generated code: /Users/robert/Desktop/Springerfv/A1tester/Core/Inc/stm32f1xx_hal_conf.h
2024-05-13 13:20:32,896 [INFO] CodeEngine:255 - oldGeneratedFile, /Users/robert/Desktop/Springerfv/A1tester/Core/Inc/main.h_save
2024-05-13 13:20:32,949 [INFO] CodeEngine:279 - Generated code: /Users/robert/Desktop/Springerfv/A1tester/Core/Inc/main.h
2024-05-13 13:20:32,952 [INFO] CodeEngine:255 - oldGeneratedFile, /Users/robert/Desktop/Springerfv/A1tester/Core/Src/main.c_save
2024-05-13 13:20:33,044 [INFO] CodeEngine:279 - Generated code: /Users/robert/Desktop/Springerfv/A1tester/Core/Src/main.c
2024-05-13 13:20:33,303 [INFO] ProjectBuilder:3163 - Time for Copy HAL[1] : 94mS.
2024-05-13 13:20:33,307 [INFO] ProjectBuilder:4736 - Project Generator version: 4.3.0-B58
2024-05-13 13:20:33,438 [INFO] ConfigFileManager:1503 - The Die is : DIE410
2024-05-13 13:20:34,250 [INFO] ProjectBuilder:5002 - Time for Generating toolchain IDE Files: 942mS.
2024-05-13 13:20:34,250 [INFO] ProjectBuilder:3034 - Time for Copy CMSIS : 0mS.
2024-05-13 13:20:34,251 [INFO] ProjectBuilder:3034 - Time for Copy CMSIS : 0mS.
2024-05-13 14:30:47,612 [INFO] MainUpdater:2873 - connection check result : 10
2024-05-13 14:30:47,616 [INFO] MainUpdater:2873 - connection check result : 10
2024-05-13 14:30:47,914 [INFO] MicroXplorer:468 - Change Database Path : 
2024-05-13 14:30:47,914 [INFO] MicroXplorer:498 - Change Database Version : DB.6.0.110
2024-05-13 14:30:47,957 [ERROR] ProjectManagerView:394 - 
java.lang.NullPointerException: Cannot invoke "javax.swing.JTextField.getText()" because the return value of "java.util.List.get(int)" is null
	at com.st.microxplorer.plugins.projectmanager.gui.ProjectChoiceTab$10.caretUpdate(ProjectChoiceTab.java:2504) ~[filemanager.jar:?]
	at javax.swing.text.JTextComponent.fireCaretUpdate(JTextComponent.java:412) ~[?:?]
	at javax.swing.text.JTextComponent$MutableCaretEvent.fire(JTextComponent.java:4491) ~[?:?]
	at javax.swing.text.JTextComponent$MutableCaretEvent.stateChanged(JTextComponent.java:4513) ~[?:?]
	at javax.swing.text.DefaultCaret.fireStateChanged(DefaultCaret.java:842) ~[?:?]
	at javax.swing.text.DefaultCaret.changeCaretPosition(DefaultCaret.java:1313) ~[?:?]
	at javax.swing.text.DefaultCaret.handleSetDot(DefaultCaret.java:1212) ~[?:?]
	at javax.swing.text.DefaultCaret.setDot(DefaultCaret.java:1193) ~[?:?]
	at javax.swing.text.DefaultCaret$Handler.insertUpdate(DefaultCaret.java:1789) ~[?:?]
	at javax.swing.text.AbstractDocument.fireInsertUpdate(AbstractDocument.java:226) ~[?:?]
	at javax.swing.text.AbstractDocument.handleInsertString(AbstractDocument.java:780) ~[?:?]
	at javax.swing.text.AbstractDocument.insertString(AbstractDocument.java:739) ~[?:?]
	at javax.swing.text.PlainDocument.insertString(PlainDocument.java:131) ~[?:?]
	at javax.swing.text.AbstractDocument.replace(AbstractDocument.java:698) ~[?:?]
	at javax.swing.text.JTextComponent.setText(JTextComponent.java:1729) ~[?:?]
	at com.st.microxplorer.plugins.projectmanager.gui.ProjectChoiceTab.createHeapStackFields(ProjectChoiceTab.java:944) ~[filemanager.jar:?]
	at com.st.microxplorer.plugins.projectmanager.gui.ProjectChoiceTab.buildLinkSettingsPanel(ProjectChoiceTab.java:3475) ~[filemanager.jar:?]
	at com.st.microxplorer.plugins.projectmanager.gui.ProjectChoiceTab.defineWindowsFields(ProjectChoiceTab.java:1816) ~[filemanager.jar:?]
	at com.st.microxplorer.plugins.projectmanager.gui.ProjectChoiceTab.updateSettings(ProjectChoiceTab.java:544) ~[filemanager.jar:?]
	at com.st.microxplorer.plugins.projectmanager.gui.ProjectSettingsPanel.UpdateDialog(ProjectSettingsPanel.java:245) ~[filemanager.jar:?]
	at com.st.microxplorer.plugins.projectmanager.ProjectManagerView.propertyChange(ProjectManagerView.java:391) ~[filemanager.jar:?]
	at java.beans.PropertyChangeSupport.fire(PropertyChangeSupport.java:343) ~[?:?]
	at java.beans.PropertyChangeSupport.firePropertyChange(PropertyChangeSupport.java:335) ~[?:?]
	at java.beans.PropertyChangeSupport.firePropertyChange(PropertyChangeSupport.java:268) ~[?:?]
	at com.st.microxplorer.util.MXPropertyChangeSupport.firePropertyChange(MXPropertyChangeSupport.java:54) ~[STM32CubeMX.jar:?]
	at com.st.microxplorer.mxsystem.MxSystem.closeConfig(MxSystem.java:900) ~[STM32CubeMX.jar:?]
	at com.st.microxplorer.maingui.MainPanel.closeConfig(MainPanel.java:776) ~[STM32CubeMX.jar:?]
	at com.st.microxplorer.plugins.filemanager.engine.OpenFileManager.loadConfigurationFile(OpenFileManager.java:245) ~[filemanager.jar:?]
	at com.st.microxplorer.plugins.filemanager.engine.MainFileManager.userLoadConfig(MainFileManager.java:315) ~[filemanager.jar:?]
	at com.st.microxplorer.plugins.filemanager.engine.MainFileManager.userLoadConfig(MainFileManager.java:293) ~[filemanager.jar:?]
	at com.st.microxplorer.plugins.filemanager.FileManagerView.getSpecificTask(FileManagerView.java:247) ~[filemanager.jar:?]
	at com.st.stm32cube.common.mx.editor.CubeMxEditor.getMxTabbedPaneInstance(CubeMxEditor.java:1198) ~[com.st.stm32cube.common.mx_6.11.0.202403141607/:?]
	at com.st.stm32cube.common.mx.editor.CubeMxEditor$12$1.createSwingComponent(CubeMxEditor.java:1068) ~[com.st.stm32cube.common.mx_6.11.0.202403141607/:?]
	at com.st.stm32cube.common.mx.oss.core.awtswtbridge.EmbeddedSwingComposite.doComponentCreation(EmbeddedSwingComposite.java:492) ~[com.st.stm32cube.common.mx.oss_6.11.0.202403141607/:?]
	at com.st.stm32cube.common.mx.oss.core.awtswtbridge.EmbeddedSwingComposite$4.run(EmbeddedSwingComposite.java:291) ~[com.st.stm32cube.common.mx.oss_6.11.0.202403141607/:?]
	at com.st.stm32cube.common.mx.oss.core.awtswtbridge.AwtEnvironment$2.run(AwtEnvironment.java:166) ~[com.st.stm32cube.common.mx.oss_6.11.0.202403141607/:?]
	at java.awt.event.InvocationEvent.dispatch(InvocationEvent.java:318) ~[?:?]
	at java.awt.EventQueue.dispatchEventImpl(EventQueue.java:773) ~[?:?]
	at java.awt.EventQueue$4.run(EventQueue.java:720) ~[?:?]
	at java.awt.EventQueue$4.run(EventQueue.java:714) ~[?:?]
	at java.security.AccessController.doPrivileged(AccessController.java:399) ~[?:?]
	at java.security.ProtectionDomain$JavaSecurityAccessImpl.doIntersectionPrivilege(ProtectionDomain.java:86) ~[?:?]
	at java.awt.EventQueue.dispatchEvent(EventQueue.java:742) ~[?:?]
	at java.awt.EventDispatchThread.pumpOneEventForFilters(EventDispatchThread.java:203) ~[?:?]
	at java.awt.EventDispatchThread.pumpEventsForFilter(EventDispatchThread.java:124) ~[?:?]
	at java.awt.EventDispatchThread.pumpEventsForHierarchy(EventDispatchThread.java:113) ~[?:?]
	at java.awt.EventDispatchThread.pumpEvents(EventDispatchThread.java:109) ~[?:?]
	at java.awt.EventDispatchThread.pumpEvents(EventDispatchThread.java:101) ~[?:?]
	at java.awt.EventDispatchThread.run(EventDispatchThread.java:90) ~[?:?]
2024-05-13 14:30:47,960 [WARN] ThirdParty:871 - waiting for thirdparty lock release [close project]
2024-05-13 14:30:47,960 [INFO] ThirdParty:873 - entering critical section [close project]
2024-05-13 14:30:47,960 [INFO] ThirdParty:883 - exiting critical section [close project]
2024-05-13 14:30:47,964 [INFO] PinOutPanel:1561 - setPackage(No Configuration,No Configuration)
2024-05-13 14:30:47,976 [INFO] UtilMem:75 - Begin LoadConfig() Used Memory: 824422784 Bytes (1073741824)
2024-05-13 14:30:47,977 [INFO] MicroXplorer:468 - Change Database Path : 
2024-05-13 14:30:47,977 [INFO] MicroXplorer:498 - Change Database Version : DB.6.0.110
2024-05-13 14:30:47,978 [INFO] OpenFileManager:312 - Change cursor
2024-05-13 14:30:48,005 [INFO] RulesReader:64 - Compatibility file has been processed (297 Rules)
2024-05-13 14:30:48,010 [INFO] Mcu:2021 - Initializing MCU STM32F103R(8-B)Tx STM32F103RBTx STM32F103RBT6
2024-05-13 14:30:48,389 [INFO] Context:663 - Trying to add GPIOservice into a context  which must be forbidden
2024-05-13 14:30:48,950 [INFO] RtosManager:555 - Registered RTOS mode: class=CMSIS, group=RTOS, mode=CMSIS_V1, owner=FREERTOS
2024-05-13 14:30:48,956 [INFO] RtosManager:555 - Registered RTOS mode: class=CMSIS, group=RTOS2, mode=CMSIS_V2, owner=FREERTOS
2024-05-13 14:30:48,956 [INFO] RtosManager:555 - Registered RTOS mode: class=RTOS, group=Core, mode=CMSIS_V1, owner=FREERTOS
2024-05-13 14:30:48,956 [INFO] RtosManager:555 - Registered RTOS mode: class=RTOS, group=Core, mode=CMSIS_V2, owner=FREERTOS
2024-05-13 14:30:48,957 [WARN] ModelIntegratedComponent:184 - Missing modes for component STMicroelectronics:FreeRTOS:0.0.1:STMicroelectronics:RTOS:FreeRTOS:Core:::10.2.0:
2024-05-13 14:30:48,967 [WARN] ModelIntegratedComponent:63 - No mode defined for component null
2024-05-13 14:30:48,967 [WARN] ModelIntegratedComponent:63 - No mode defined for component null
2024-05-13 14:30:48,967 [WARN] ModelIntegratedComponent:63 - No mode defined for component null
2024-05-13 14:30:48,967 [WARN] ModelIntegratedComponent:63 - No mode defined for component null
2024-05-13 14:30:48,967 [WARN] ModelIntegratedComponent:63 - No mode defined for component null
2024-05-13 14:30:48,967 [WARN] ModelIntegratedComponent:63 - No mode defined for component null
2024-05-13 14:30:48,967 [WARN] ModelIntegratedComponent:63 - No mode defined for component null
2024-05-13 14:30:48,967 [WARN] ModelIntegratedComponent:63 - No mode defined for component null
2024-05-13 14:30:48,968 [WARN] ModelIntegratedComponent:63 - No mode defined for component null
2024-05-13 14:30:48,968 [WARN] ModelIntegratedComponent:63 - No mode defined for component null
2024-05-13 14:30:48,968 [WARN] ModelIntegratedComponent:63 - No mode defined for component null
2024-05-13 14:30:48,968 [WARN] ModelIntegratedComponent:63 - No mode defined for component null
2024-05-13 14:30:48,968 [WARN] ModelIntegratedComponent:63 - No mode defined for component null
2024-05-13 14:30:48,968 [WARN] ModelIntegratedComponent:63 - No mode defined for component null
2024-05-13 14:30:48,968 [WARN] ModelIntegratedComponent:63 - No mode defined for component null
2024-05-13 14:30:48,968 [WARN] ModelIntegratedComponent:63 - No mode defined for component null
2024-05-13 14:30:48,968 [WARN] ModelIntegratedComponent:63 - No mode defined for component null
2024-05-13 14:30:48,968 [WARN] ModelIntegratedComponent:63 - No mode defined for component null
2024-05-13 14:30:48,968 [WARN] ModelIntegratedComponent:63 - No mode defined for component null
2024-05-13 14:30:48,968 [WARN] ModelIntegratedComponent:63 - No mode defined for component null
2024-05-13 14:30:48,968 [WARN] ModelIntegratedComponent:63 - No mode defined for component null
2024-05-13 14:30:48,968 [WARN] ModelIntegratedComponent:63 - No mode defined for component null
2024-05-13 14:30:48,968 [WARN] ModelIntegratedComponent:63 - No mode defined for component null
2024-05-13 14:30:48,968 [WARN] ModelIntegratedComponent:63 - No mode defined for component null
2024-05-13 14:30:48,968 [WARN] ModelIntegratedComponent:63 - No mode defined for component null
2024-05-13 14:30:48,968 [WARN] ModelIntegratedComponent:63 - No mode defined for component null
2024-05-13 14:30:48,968 [WARN] ModelIntegratedComponent:63 - No mode defined for component null
2024-05-13 14:30:48,968 [WARN] ModelIntegratedComponent:63 - No mode defined for component null
2024-05-13 14:30:48,968 [WARN] ModelIntegratedComponent:63 - No mode defined for component null
2024-05-13 14:30:48,968 [WARN] ModelIntegratedComponent:63 - No mode defined for component null
2024-05-13 14:30:48,968 [WARN] ModelIntegratedComponent:63 - No mode defined for component null
2024-05-13 14:30:48,968 [WARN] ModelIntegratedComponent:63 - No mode defined for component null
2024-05-13 14:30:48,968 [WARN] ModelIntegratedComponent:63 - No mode defined for component null
2024-05-13 14:30:48,968 [WARN] ModelIntegratedComponent:63 - No mode defined for component null
2024-05-13 14:30:49,041 [INFO] ThirdPartyModel:298 - Start build external matchings
2024-05-13 14:30:49,252 [INFO] ThirdPartyModel:316 - End build external matchings
2024-05-13 14:30:49,265 [INFO] RtosManager:919 - Current active RTOS is FREERTOS [Cortex-M3NS]
2024-05-13 14:30:49,282 [INFO] ImportTextPane:194 - (OptionalMessage_ERROR) IP (RCC) : Invalid parameter (FamilyName)
2024-05-13 14:30:49,401 [INFO] UtilMem:75 - End LoadConfig() Used Memory: 931064624 Bytes (1073741824)
2024-05-13 14:30:49,497 [WARN] ThirdParty:833 - waiting for thirdparty lock release [change project]
2024-05-13 14:30:49,499 [INFO] ThirdParty:835 - entering critical section [change project]
2024-05-13 14:30:49,499 [INFO] ThirdParty:1030 - CMSIS Pack Vendor :STMicroelectronics USBPD 4.1
2024-05-13 14:30:49,499 [INFO] ThirdParty:1030 - CMSIS Pack Vendor :STMicroelectronics X-CUBE-GNSS1 6.0.0
2024-05-13 14:30:49,499 [INFO] ThirdParty:1030 - CMSIS Pack Vendor :STMicroelectronics USB_HOST 2.0.0
2024-05-13 14:30:49,499 [INFO] ThirdParty:1030 - CMSIS Pack Vendor :STMicroelectronics FP-SNS-MOTENVWB1 1.4.0
2024-05-13 14:30:49,499 [INFO] ThirdParty:1030 - CMSIS Pack Vendor :STMicroelectronics X-CUBE-AZRTOS-F4 1.1.0
2024-05-13 14:30:49,499 [INFO] ThirdParty:1030 - CMSIS Pack Vendor :STMicroelectronics LIBJPEG 8.0.0
2024-05-13 14:30:49,499 [INFO] ThirdParty:1030 - CMSIS Pack Vendor :STMicroelectronics X-CUBE-SMBUS 2.1.0
2024-05-13 14:30:49,499 [INFO] ThirdParty:1030 - CMSIS Pack Vendor :STMicroelectronics USB_DEVICE 3.0.0
2024-05-13 14:30:49,499 [INFO] ThirdParty:1030 - CMSIS Pack Vendor :STMicroelectronics X-CUBE-TCPP 4.1.0
2024-05-13 14:30:49,499 [INFO] ThirdParty:1030 - CMSIS Pack Vendor :STMicroelectronics X-CUBE-FREERTOS 1.2.0
2024-05-13 14:30:49,499 [INFO] ThirdParty:1030 - CMSIS Pack Vendor :STMicroelectronics X-CUBE-AZRTOS-WB 2.0.0
2024-05-13 14:30:49,499 [INFO] ThirdParty:1030 - CMSIS Pack Vendor :wolfSSL I-CUBE-wolfSSL 5.6.6
2024-05-13 14:30:49,499 [INFO] ThirdParty:1030 - CMSIS Pack Vendor :STMicroelectronics X-CUBE-TOUCHGFX 4.23.1
2024-05-13 14:30:49,499 [INFO] ThirdParty:1030 - CMSIS Pack Vendor :STMicroelectronics X-CUBE-TOUCHGFX 4.23.0
2024-05-13 14:30:49,499 [INFO] ThirdParty:1030 - CMSIS Pack Vendor :STMicroelectronics X-CUBE-TOUCHGFX 4.23.2
2024-05-13 14:30:49,499 [INFO] ThirdParty:1030 - CMSIS Pack Vendor :STMicroelectronics X-CUBE-AZRTOS-F7 1.1.0
2024-05-13 14:30:49,499 [INFO] ThirdParty:1030 - CMSIS Pack Vendor :STMicroelectronics X-CUBE-AZRTOS-L5 2.0.0
2024-05-13 14:30:49,499 [INFO] ThirdParty:1030 - CMSIS Pack Vendor :STMicroelectronics USB_DEVICE 2.0.0
2024-05-13 14:30:49,499 [INFO] ThirdParty:1030 - CMSIS Pack Vendor :STMicroelectronics X-CUBE-NFC6 3.1.0
2024-05-13 14:30:49,499 [INFO] ThirdParty:1030 - CMSIS Pack Vendor :ITTIA_DB I-CUBE-ITTIADB 8.8.0
2024-05-13 14:30:49,499 [INFO] ThirdParty:1030 - CMSIS Pack Vendor :STMicroelectronics FP-SNS-MOTENV1 4.3.2
2024-05-13 14:30:49,499 [INFO] ThirdParty:1030 - CMSIS Pack Vendor :STMicroelectronics X-CUBE-ALGOBUILD 1.3.0
2024-05-13 14:30:49,499 [INFO] ThirdParty:1030 - CMSIS Pack Vendor :STMicroelectronics FreeRTOS 0.0.1
2024-05-13 14:30:49,499 [INFO] ThirdParty:1030 - CMSIS Pack Vendor :STMicroelectronics X-CUBE-AZRTOS-G0 1.1.0
2024-05-13 14:30:49,499 [INFO] ThirdParty:1030 - CMSIS Pack Vendor :STMicroelectronics X-CUBE-SAFEA1 1.2.2
2024-05-13 14:30:49,499 [INFO] ThirdParty:1030 - CMSIS Pack Vendor :STMicroelectronics X-CUBE-NFC4 3.0.0
2024-05-13 14:30:49,499 [INFO] ThirdParty:1030 - CMSIS Pack Vendor :STMicroelectronics X-CUBE-SUBG2 5.0.0
2024-05-13 14:30:49,499 [INFO] ThirdParty:1030 - CMSIS Pack Vendor :STMicroelectronics STM32_WPAN 1.0.0
2024-05-13 14:30:49,499 [INFO] ThirdParty:1030 - CMSIS Pack Vendor :STMicroelectronics lwIP 2.0.3
2024-05-13 14:30:49,499 [INFO] ThirdParty:1030 - CMSIS Pack Vendor :STMicroelectronics FP-SNS-FLIGHT1 5.0.2
2024-05-13 14:30:49,499 [INFO] ThirdParty:1030 - CMSIS Pack Vendor :STMicroelectronics USB_HOST 1.0.0
2024-05-13 14:30:49,499 [INFO] ThirdParty:1030 - CMSIS Pack Vendor :STMicroelectronics X-CUBE-AI 9.0.0
2024-05-13 14:30:49,499 [INFO] ThirdParty:1030 - CMSIS Pack Vendor :STMicroelectronics X-CUBE-AZRTOS-G4 2.0.0
2024-05-13 14:30:49,499 [INFO] ThirdParty:1030 - CMSIS Pack Vendor :STMicroelectronics PDM2PCM 3.1.0
2024-05-13 14:30:49,499 [INFO] ThirdParty:1030 - CMSIS Pack Vendor :Infineon AIROC-Wi-Fi-Bluetooth-STM32 1.5.1
2024-05-13 14:30:49,499 [INFO] ThirdParty:1030 - CMSIS Pack Vendor :STMicroelectronics X-CUBE-BLEMGR 3.0.0
2024-05-13 14:30:49,499 [INFO] ThirdParty:1030 - CMSIS Pack Vendor :STMicroelectronics PDM2PCM 3.3.0
2024-05-13 14:30:49,499 [INFO] ThirdParty:1030 - CMSIS Pack Vendor :STMicroelectronics X-CUBE-DISPLAY 3.0.0
2024-05-13 14:30:49,499 [INFO] ThirdParty:1030 - CMSIS Pack Vendor :STMicroelectronics FP-SNS-MOTENVWB1 1.3.1
2024-05-13 14:30:49,499 [INFO] ThirdParty:1030 - CMSIS Pack Vendor :STMicroelectronics X-CUBE-BLE1 7.0.0
2024-05-13 14:30:49,499 [INFO] ThirdParty:1030 - CMSIS Pack Vendor :STMicroelectronics FP-ATR-SIGFOX1 3.2.0
2024-05-13 14:30:49,499 [INFO] ThirdParty:1030 - CMSIS Pack Vendor :STMicroelectronics X-CUBE-ISPU 2.0.0
2024-05-13 14:30:49,499 [INFO] ThirdParty:1030 - CMSIS Pack Vendor :STMicroelectronics X-CUBE-EEPRMA1 5.1.0
2024-05-13 14:30:49,499 [INFO] ThirdParty:1030 - CMSIS Pack Vendor :STMicroelectronics HAL Drivers 0.0.0
2024-05-13 14:30:49,499 [INFO] ThirdParty:1030 - CMSIS Pack Vendor :STMicroelectronics MBEDTLS 2.16.2
2024-05-13 14:30:49,499 [INFO] ThirdParty:1030 - CMSIS Pack Vendor :emotas I-CUBE-CANOPEN 1.3.0
2024-05-13 14:30:49,499 [INFO] ThirdParty:1030 - CMSIS Pack Vendor :STMicroelectronics X-CUBE-MEMS1 10.0.0
2024-05-13 14:30:49,499 [INFO] ThirdParty:1030 - CMSIS Pack Vendor :STMicroelectronics X-CUBE-FREERTOS 1.1.0
2024-05-13 14:30:49,499 [INFO] ThirdParty:1030 - CMSIS Pack Vendor :STMicroelectronics X-CUBE-NFC7 1.0.1
2024-05-13 14:30:49,499 [INFO] ThirdParty:1030 - CMSIS Pack Vendor :STMicroelectronics MBEDTLS 2.14.1
2024-05-13 14:30:49,499 [INFO] ThirdParty:1030 - CMSIS Pack Vendor :STMicroelectronics X-CUBE-NFC6 3.0.0
2024-05-13 14:30:49,499 [INFO] ThirdParty:1030 - CMSIS Pack Vendor :portGmbH I-Cube-SoM-uGOAL 1.1.0
2024-05-13 14:30:49,499 [INFO] ThirdParty:1030 - CMSIS Pack Vendor :STMicroelectronics X-CUBE-ALS 1.0.1
2024-05-13 14:30:49,499 [INFO] ThirdParty:1030 - CMSIS Pack Vendor :STMicroelectronics X-CUBE-BLEMGR 3.1.0
2024-05-13 14:30:49,499 [INFO] ThirdParty:1030 - CMSIS Pack Vendor :STMicroelectronics ThreadX 1.0.0
2024-05-13 14:30:49,499 [INFO] ThirdParty:1030 - CMSIS Pack Vendor :STMicroelectronics FP-SNS-SMARTAG2 1.2.0
2024-05-13 14:30:49,499 [INFO] ThirdParty:1030 - CMSIS Pack Vendor :STMicroelectronics X-CUBE-AZRTOS-WL 2.0.0
2024-05-13 14:30:49,499 [INFO] ThirdParty:1030 - CMSIS Pack Vendor :SEGGER I-CUBE-embOS 1.3.1
2024-05-13 14:30:49,499 [INFO] ThirdParty:1030 - CMSIS Pack Vendor :STMicroelectronics X-CUBE-ALGOBUILD 1.4.0
2024-05-13 14:30:49,500 [INFO] ThirdParty:1030 - CMSIS Pack Vendor :STMicroelectronics FP-SNS-MOTENV1 5.0.0
2024-05-13 14:30:49,500 [INFO] ThirdParty:1030 - CMSIS Pack Vendor :STMicroelectronics USB_DEVICE 1.0.0
2024-05-13 14:30:49,500 [INFO] ThirdParty:1030 - CMSIS Pack Vendor :STMicroelectronics X-CUBE-AI 8.1.0
2024-05-13 14:30:49,500 [INFO] ThirdParty:1030 - CMSIS Pack Vendor :STMicroelectronics X-CUBE-AZRTOS-H7RS 1.0.0
2024-05-13 14:30:49,500 [INFO] ThirdParty:1030 - CMSIS Pack Vendor :STMicroelectronics X-CUBE-AZRTOS-L4 2.0.0
2024-05-13 14:30:49,500 [INFO] ThirdParty:1030 - CMSIS Pack Vendor :STMicroelectronics ThreadX 0.0.2
2024-05-13 14:30:49,500 [INFO] ThirdParty:1030 - CMSIS Pack Vendor :WES I-CUBE-Cesium 1.3.0
2024-05-13 14:30:49,500 [INFO] ThirdParty:1030 - CMSIS Pack Vendor :STMicroelectronics FP-ATR-ASTRA1 2.0.0
2024-05-13 14:30:49,500 [INFO] ThirdParty:1030 - CMSIS Pack Vendor :STMicroelectronics lwIP 2.1.2
2024-05-13 14:30:49,500 [INFO] ThirdParty:1030 - CMSIS Pack Vendor :STMicroelectronics X-CUBE-SFXS2LP1 4.0.0
2024-05-13 14:30:49,500 [INFO] ThirdParty:1030 - CMSIS Pack Vendor :STMicroelectronics X-CUBE-BLE2 3.3.0
2024-05-13 14:30:49,500 [INFO] ThirdParty:1030 - CMSIS Pack Vendor :STMicroelectronics X-CUBE-TOF1 3.4.0
2024-05-13 14:30:49,500 [INFO] ThirdParty:1030 - CMSIS Pack Vendor :STMicroelectronics X-CUBE-TOF1 3.4.1
2024-05-13 14:30:49,500 [INFO] ThirdParty:1030 - CMSIS Pack Vendor :STMicroelectronics X-CUBE-AZRTOS-H7 3.2.0
2024-05-13 14:30:49,500 [INFO] ThirdParty:1030 - CMSIS Pack Vendor :STMicroelectronics PDM2PCM 3.2.0
2024-05-13 14:30:49,500 [INFO] ThirdParty:841 - exiting critical section [change project]
2024-05-13 14:30:49,712 [INFO] PinOutPanel:1561 - setPackage(No Configuration,No Configuration)
2024-05-13 14:30:49,715 [INFO] PinOutPanel:1561 - setPackage(STM32F103RBTx,LQFP64)
2024-05-13 14:30:49,911 [INFO] UtilMem:75 - Before build in PCC Used Memory: 778067224 Bytes (1073741824)
2024-05-13 14:30:50,052 [INFO] UtilMem:75 - After build in PCC Used Memory: 821581080 Bytes (1073741824)
2024-05-13 14:30:50,130 [INFO] ApiDbMcu:508 - Load IP Config File for FREERTOS
2024-05-13 14:30:50,146 [INFO] IPUIPlugin:80 - create IPUIPlugin
2024-05-13 14:30:50,147 [INFO] IPUIPlugin:80 - create IPUIPlugin
2024-05-13 14:30:50,147 [INFO] IPUIPlugin:80 - create IPUIPlugin
2024-05-13 14:30:50,147 [INFO] IPUIPlugin:80 - create IPUIPlugin
2024-05-13 14:30:50,147 [INFO] IPUIPlugin:80 - create IPUIPlugin
2024-05-13 14:30:50,147 [INFO] IPUIPlugin:80 - create IPUIPlugin
2024-05-13 14:30:50,147 [INFO] IPUIPlugin:80 - create IPUIPlugin
2024-05-13 14:30:50,147 [INFO] IPUIPlugin:80 - create IPUIPlugin
2024-05-13 14:30:50,147 [INFO] IPUIPlugin:80 - create IPUIPlugin
2024-05-13 14:30:50,147 [INFO] IPUIPlugin:80 - create IPUIPlugin
2024-05-13 14:30:50,147 [INFO] IPUIPlugin:80 - create IPUIPlugin
2024-05-13 14:30:50,148 [INFO] IPUIPlugin:80 - create IPUIPlugin
2024-05-13 14:30:50,148 [INFO] IPUIPlugin:80 - create IPUIPlugin
2024-05-13 14:30:50,148 [INFO] IPUIPlugin:80 - create IPUIPlugin
2024-05-13 14:30:50,148 [INFO] IPUIPlugin:80 - create IPUIPlugin
2024-05-13 14:30:50,148 [INFO] IPUIPlugin:80 - create IPUIPlugin
2024-05-13 14:30:50,148 [INFO] IPUIPlugin:80 - create IPUIPlugin
2024-05-13 14:30:50,148 [INFO] IPUIPlugin:80 - create IPUIPlugin
2024-05-13 14:30:50,148 [INFO] IPUIPlugin:80 - create IPUIPlugin
2024-05-13 14:30:50,148 [INFO] IPUIPlugin:80 - create IPUIPlugin
2024-05-13 14:30:50,148 [INFO] IPUIPlugin:80 - create IPUIPlugin
2024-05-13 14:30:50,148 [INFO] IPUIPlugin:80 - create IPUIPlugin
2024-05-13 14:30:50,148 [INFO] IPUIPlugin:80 - create IPUIPlugin
2024-05-13 14:30:50,148 [INFO] IPUIPlugin:80 - create IPUIPlugin
2024-05-13 14:30:50,148 [INFO] IPUIPlugin:80 - create IPUIPlugin
2024-05-13 14:30:50,149 [INFO] IPUIPlugin:80 - create IPUIPlugin
2024-05-13 14:30:50,149 [INFO] IPUIPlugin:80 - create IPUIPlugin
2024-05-13 14:30:50,158 [WARN] FreeRTOS:1023 - Null or empty value: should not occur! (nothing added to the table)
2024-05-13 14:30:50,202 [INFO] CADModel:165 - CPN selected for project levelSTM32F103RBT6
2024-05-13 14:30:50,202 [INFO] CADModel:114 - Register for checkConnection events
2024-05-13 14:30:50,204 [INFO] RtosManager:697 - Active RTOS found at IOC load: FREERTOS [Cortex-M3NS]
2024-05-13 14:30:50,246 [INFO] OpenFileManager:343 - Restore cursor
