2024-05-20 21:03:25,127 [ERROR] LogOutputStream:75 - [STDERR_REDIRECT] 
2024-05-20 21:03:40,359 [INFO] Activator:176 - 


2024-05-20 21:03:40,360 [INFO] Activator:177 - !SESSION log4j initialized
2024-05-20 21:03:43,999 [INFO] LogOutputStream:77 - [STDOUT_REDIRECT] 
2024-05-20 21:03:47,010 [INFO] LogOutputStream:77 - [STDOUT_REDIRECT] 
2024-05-20 21:03:48,214 [ERROR] LogOutputStream:75 - [STDERR_REDIRECT] 
2024-05-20 21:03:48,836 [INFO] ApplicationProperties:184 - Using Application install path: /Applications/STM32CubeIDE.app/Contents/Eclipse/plugins/com.st.stm32cube.common.mx_6.11.0.202403141607
2024-05-20 21:03:48,852 [INFO] DbMcusXml:78 - Set database path to: /Applications/STM32CubeIDE.app/Contents/Eclipse/plugins/com.st.stm32cube.common.mx_6.11.0.202403141607//db//mcu/
2024-05-20 21:03:48,852 [INFO] ApiDb:274 - Set plugin database path to: /Applications/STM32CubeIDE.app/Contents/Eclipse/plugins/com.st.stm32cube.common.mx_6.11.0.202403141607//db//plugins/boardmanager/
2024-05-20 21:03:48,853 [WARN] ApiDb:259 - Overriding images path with different value:  => /Applications/STM32CubeIDE.app/Contents/Eclipse/plugins/com.st.stm32cube.common.mx_6.11.0.202403141607//db//plugins/mcufinder/images/
2024-05-20 21:03:48,859 [INFO] ApiDb:250 - Set database path to: /Users/robert/.stmcufinder/plugins/mcufinder//mcu/
2024-05-20 21:03:48,860 [INFO] DbMcusAds:125 - Set database path to: /Users/robert/.stmcufinder/plugins/mcufinder//mcu/
2024-05-20 21:03:48,861 [INFO] CrossReferenceDbSqlite:203 - Set database path to: /Users/robert/.stmcufinder/plugins/mcufinder//mcu/cs/
2024-05-20 21:03:48,972 [INFO] RulesReader:64 - Compatibility file has been processed (297 Rules)
2024-05-20 21:03:49,022 [INFO] DbMcusXml:78 - Set database path to: /Applications/STM32CubeIDE.app/Contents/Eclipse/plugins/com.st.stm32cube.common.mx_6.11.0.202403141607//db//mcu/
2024-05-20 21:03:49,022 [INFO] ApiDb:274 - Set plugin database path to: /Applications/STM32CubeIDE.app/Contents/Eclipse/plugins/com.st.stm32cube.common.mx_6.11.0.202403141607//db//plugins/boardmanager/
2024-05-20 21:03:49,022 [INFO] ApiDb:261 - Set plugin images path to: /Applications/STM32CubeIDE.app/Contents/Eclipse/plugins/com.st.stm32cube.common.mx_6.11.0.202403141607//db//plugins/mcufinder/images/
2024-05-20 21:03:49,023 [WARN] DbFile:41 - Overriding database path with different value: /Users/robert/.stmcufinder/plugins/mcufinder/ => /Users/robert/.stmcufinder/plugins/mcufinder
2024-05-20 21:03:49,023 [INFO] ApiDb:250 - Set database path to: /Users/robert/.stmcufinder/plugins/mcufinder//mcu/
2024-05-20 21:03:49,023 [WARN] DbFile:41 - Overriding database path with different value: /Users/robert/.stmcufinder/plugins/mcufinder/ => /Users/robert/.stmcufinder/plugins/mcufinder
2024-05-20 21:03:49,023 [INFO] DbMcusAds:125 - Set database path to: /Users/robert/.stmcufinder/plugins/mcufinder//mcu/
2024-05-20 21:03:49,023 [WARN] DbFile:41 - Overriding database path with different value: /Users/robert/.stmcufinder/plugins/mcufinder/ => /Users/robert/.stmcufinder/plugins/mcufinder
2024-05-20 21:03:49,023 [WARN] DbFile:41 - Overriding database path with different value: /Users/robert/.stmcufinder/plugins/mcufinder/ => /Users/robert/.stmcufinder/plugins/mcufinder
2024-05-20 21:03:49,023 [INFO] CrossReferenceDbSqlite:203 - Set database path to: /Users/robert/.stmcufinder/plugins/mcufinder//mcu/cs/
2024-05-20 21:03:49,096 [INFO] MainPanel:264 - HeapMemory: 270532608
2024-05-20 21:03:49,167 [INFO] DbMcusXml:78 - Set database path to: /Applications/STM32CubeIDE.app/Contents/Eclipse/plugins/com.st.stm32cube.common.mx_6.11.0.202403141607//db//mcu/
2024-05-20 21:03:49,167 [INFO] ApiDb:274 - Set plugin database path to: /Applications/STM32CubeIDE.app/Contents/Eclipse/plugins/com.st.stm32cube.common.mx_6.11.0.202403141607//db//plugins/boardmanager/
2024-05-20 21:03:49,168 [INFO] ApiDb:261 - Set plugin images path to: /Applications/STM32CubeIDE.app/Contents/Eclipse/plugins/com.st.stm32cube.common.mx_6.11.0.202403141607//db//plugins/mcufinder/images/
2024-05-20 21:03:49,168 [WARN] DbFile:41 - Overriding database path with different value: /Users/robert/.stmcufinder/plugins/mcufinder/ => /Users/robert/.stmcufinder/plugins/mcufinder
2024-05-20 21:03:49,168 [INFO] ApiDb:250 - Set database path to: /Users/robert/.stmcufinder/plugins/mcufinder//mcu/
2024-05-20 21:03:49,168 [WARN] DbFile:41 - Overriding database path with different value: /Users/robert/.stmcufinder/plugins/mcufinder/ => /Users/robert/.stmcufinder/plugins/mcufinder
2024-05-20 21:03:49,168 [INFO] DbMcusAds:125 - Set database path to: /Users/robert/.stmcufinder/plugins/mcufinder//mcu/
2024-05-20 21:03:49,168 [WARN] DbFile:41 - Overriding database path with different value: /Users/robert/.stmcufinder/plugins/mcufinder/ => /Users/robert/.stmcufinder/plugins/mcufinder
2024-05-20 21:03:49,168 [WARN] DbFile:41 - Overriding database path with different value: /Users/robert/.stmcufinder/plugins/mcufinder/ => /Users/robert/.stmcufinder/plugins/mcufinder
2024-05-20 21:03:49,168 [INFO] CrossReferenceDbSqlite:203 - Set database path to: /Users/robert/.stmcufinder/plugins/mcufinder//mcu/cs/
2024-05-20 21:03:49,184 [INFO] ApplicationProperties:184 - Using Application install path: /Applications/STM32CubeIDE.app/Contents/Eclipse/plugins/com.st.stm32cube.common.mx_6.11.0.202403141607
2024-05-20 21:03:49,185 [INFO] PluginManage:196 - Search for loadable plugins [exclusion list=, ]
2024-05-20 21:03:49,187 [INFO] PluginManage:310 - Check plugin analytics
2024-05-20 21:03:49,377 [INFO] AnalyticsPlugin:253 - Accepted Software Licenses: 
2024-05-20 21:03:49,377 [INFO] AnalyticsPlugin:255 - Accepted CMSIS Pack Licenses: 
2024-05-20 21:03:49,377 [INFO] AnalyticsPlugin:257 - Accepted Firmware Licenses: FW.L4.1.18.0,FW.F4.1.28.0
2024-05-20 21:03:49,383 [INFO] PluginManage:359 - Loaded plugin analytics (category:tool,tabindex:-1)
2024-05-20 21:03:49,384 [INFO] PluginManage:310 - Check plugin cadmodel
2024-05-20 21:03:49,952 [INFO] CADModel:105 - Init CAD model plugin
2024-05-20 21:03:49,953 [INFO] PluginManage:359 - Loaded plugin cadmodel (category:power,tabindex:5)
2024-05-20 21:03:49,953 [INFO] PluginManage:310 - Check plugin clock
2024-05-20 21:03:49,967 [INFO] PluginManage:359 - Loaded plugin clock (category:base,tabindex:2)
2024-05-20 21:03:49,967 [INFO] PluginManage:310 - Check plugin ddr
2024-05-20 21:03:49,969 [INFO] PluginManage:359 - Loaded plugin ddr (category:tool,tabindex:6)
2024-05-20 21:03:49,969 [INFO] PluginManage:310 - Check plugin filemanager
2024-05-20 21:03:50,198 [INFO] PluginManage:359 - Loaded plugin filemanager (category:base,tabindex:10)
2024-05-20 21:03:50,200 [INFO] PluginManage:310 - Check plugin ipmanager
2024-05-20 21:03:50,226 [INFO] PluginManage:359 - Loaded plugin ipmanager (category:base,tabindex:5)
2024-05-20 21:03:50,227 [INFO] PluginManage:310 - Check plugin lpbam
2024-05-20 21:03:50,298 [INFO] PluginManage:359 - Loaded plugin lpbam (category:base,tabindex:0)
2024-05-20 21:03:50,299 [INFO] PluginManage:310 - Check plugin memorymap
2024-05-20 21:03:50,309 [INFO] PluginManage:359 - Loaded plugin memorymap (category:base,tabindex:4)
2024-05-20 21:03:50,309 [INFO] PluginManage:310 - Check plugin pinoutandconfiguration
2024-05-20 21:03:50,315 [INFO] PluginManage:359 - Loaded plugin pinoutandconfiguration (category:base,tabindex:1)
2024-05-20 21:03:50,315 [INFO] PluginManage:310 - Check plugin pinoutconfig
2024-05-20 21:03:50,401 [WARN] SupportedApi:132 - Cannot load RTOS API schema: s4s-elt-must-match.1: The content of 'definitions' must match (annotation?, (simpleType | complexType)?, (unique | key | keyref)*)). A problem was found starting at: attribute.
2024-05-20 21:03:50,472 [ERROR] LogOutputStream:75 - [STDERR_REDIRECT] [Fatal Error] :2:10: DOCTYPE is disallowed when the feature "http://apache.org/xml/features/disallow-doctype-decl" set to true.
2024-05-20 21:03:50,475 [ERROR] LogOutputStream:75 - [STDERR_REDIRECT] 
2024-05-20 21:03:50,559 [INFO] PluginManage:359 - Loaded plugin pinoutconfig (category:base,tabindex:0)
2024-05-20 21:03:50,560 [INFO] PluginManage:310 - Check plugin power
2024-05-20 21:03:50,573 [INFO] PluginManage:359 - Loaded plugin power (category:power,tabindex:4)
2024-05-20 21:03:50,574 [INFO] PluginManage:310 - Check plugin projectmanager
2024-05-20 21:03:50,604 [INFO] PluginManage:359 - Loaded plugin projectmanager (category:projectmanager,tabindex:3)
2024-05-20 21:03:50,604 [INFO] PluginManage:310 - Check plugin thirdparty
2024-05-20 21:03:50,738 [INFO] PluginManage:359 - Loaded plugin thirdparty (category:base,tabindex:-1)
2024-05-20 21:03:50,738 [WARN] IntegrityCheckThread:84 - waiting for thirdparty lock release [integrity check]
2024-05-20 21:03:50,738 [INFO] PluginManage:310 - Check plugin tools
2024-05-20 21:03:50,738 [INFO] IntegrityCheckThread:86 - entering critical section [integrity check]
2024-05-20 21:03:50,740 [INFO] ThirdPartyUpdaterWithRetryManager:70 - Updater plugin not ready yet. [1/15]
2024-05-20 21:03:50,740 [INFO] PluginManage:359 - Loaded plugin tools (category:base,tabindex:7)
2024-05-20 21:03:50,740 [INFO] PluginManage:310 - Check plugin tutovideos
2024-05-20 21:03:50,862 [INFO] PluginManage:359 - Loaded plugin tutovideos (category:base,tabindex:-1)
2024-05-20 21:03:50,862 [INFO] PluginManage:310 - Check plugin updater
2024-05-20 21:03:50,877 [INFO] PluginManage:359 - Loaded plugin updater (category:base,tabindex:12)
2024-05-20 21:03:50,877 [INFO] PluginManage:310 - Check plugin userauth
2024-05-20 21:03:50,883 [INFO] UserAuth:114 - Init User Auth plugin
2024-05-20 21:03:50,883 [INFO] PluginManage:359 - Loaded plugin userauth (category:base,tabindex:14)
2024-05-20 21:03:50,884 [INFO] PluginManage:283 - PluginManage : Loaded plugins [17]
2024-05-20 21:03:51,092 [INFO] PinOutPanel:1561 - setPackage(No Configuration,No Configuration)
2024-05-20 21:03:51,137 [INFO] CADModel:165 - CPN selected for project level
2024-05-20 21:03:51,137 [INFO] CADModel:114 - Register for checkConnection events
2024-05-20 21:03:51,147 [INFO] IPUIPlugin:80 - create IPUIPlugin
2024-05-20 21:03:51,147 [INFO] PluginManager:220 - loadIPPluginJar : add mdma
2024-05-20 21:03:51,151 [INFO] IPUIPlugin:80 - create IPUIPlugin
2024-05-20 21:03:51,151 [INFO] PluginManager:220 - loadIPPluginJar : add freertos
2024-05-20 21:03:51,154 [INFO] IPUIPlugin:80 - create IPUIPlugin
2024-05-20 21:03:51,154 [INFO] PluginManager:220 - loadIPPluginJar : add gic
2024-05-20 21:03:51,161 [INFO] IPUIPlugin:80 - create IPUIPlugin
2024-05-20 21:03:51,161 [INFO] PluginManager:220 - loadIPPluginJar : add adc
2024-05-20 21:03:51,163 [INFO] IPUIPlugin:80 - create IPUIPlugin
2024-05-20 21:03:51,163 [INFO] PluginManager:220 - loadIPPluginJar : add gtzc
2024-05-20 21:03:51,164 [INFO] IPUIPlugin:80 - create IPUIPlugin
2024-05-20 21:03:51,164 [INFO] PluginManager:220 - loadIPPluginJar : add quadspi
2024-05-20 21:03:51,165 [INFO] IPUIPlugin:80 - create IPUIPlugin
2024-05-20 21:03:51,165 [INFO] PluginManager:220 - loadIPPluginJar : add aes
2024-05-20 21:03:51,166 [INFO] IPUIPlugin:80 - create IPUIPlugin
2024-05-20 21:03:51,166 [INFO] PluginManager:220 - loadIPPluginJar : add pdm2pcm
2024-05-20 21:03:51,167 [INFO] IPUIPlugin:80 - create IPUIPlugin
2024-05-20 21:03:51,167 [INFO] PluginManager:220 - loadIPPluginJar : add hash
2024-05-20 21:03:51,169 [INFO] IPUIPlugin:80 - create IPUIPlugin
2024-05-20 21:03:51,169 [INFO] PluginManager:220 - loadIPPluginJar : add tim
2024-05-20 21:03:51,170 [INFO] IPUIPlugin:80 - create IPUIPlugin
2024-05-20 21:03:51,170 [INFO] PluginManager:220 - loadIPPluginJar : add tsc
2024-05-20 21:03:51,171 [INFO] IPUIPlugin:80 - create IPUIPlugin
2024-05-20 21:03:51,172 [INFO] PluginManager:220 - loadIPPluginJar : add extmemmanager
2024-05-20 21:03:51,173 [INFO] IPUIPlugin:80 - create IPUIPlugin
2024-05-20 21:03:51,173 [INFO] PluginManager:220 - loadIPPluginJar : add ts
2024-05-20 21:03:51,174 [INFO] IPUIPlugin:80 - create IPUIPlugin
2024-05-20 21:03:51,174 [INFO] PluginManager:220 - loadIPPluginJar : add can
2024-05-20 21:03:51,175 [INFO] IPUIPlugin:80 - create IPUIPlugin
2024-05-20 21:03:51,175 [INFO] PluginManager:220 - loadIPPluginJar : add dma3
2024-05-20 21:03:51,177 [INFO] IPUIPlugin:80 - create IPUIPlugin
2024-05-20 21:03:51,178 [INFO] PluginManager:220 - loadIPPluginJar : add dfsdm
2024-05-20 21:03:51,179 [INFO] IPUIPlugin:80 - create IPUIPlugin
2024-05-20 21:03:51,179 [INFO] PluginManager:220 - loadIPPluginJar : add spi
2024-05-20 21:03:51,180 [INFO] IPUIPlugin:80 - create IPUIPlugin
2024-05-20 21:03:51,180 [INFO] PluginManager:220 - loadIPPluginJar : add gfxmmu
2024-05-20 21:03:51,181 [INFO] IPUIPlugin:80 - create IPUIPlugin
2024-05-20 21:03:51,181 [INFO] PluginManager:220 - loadIPPluginJar : add genericplugin
2024-05-20 21:03:51,182 [INFO] IPUIPlugin:80 - create IPUIPlugin
2024-05-20 21:03:51,182 [INFO] PluginManager:220 - loadIPPluginJar : add cryp
2024-05-20 21:03:51,185 [INFO] IPUIPlugin:80 - create IPUIPlugin
2024-05-20 21:03:51,185 [INFO] PluginManager:220 - loadIPPluginJar : add gpio
2024-05-20 21:03:51,186 [INFO] IPUIPlugin:80 - create IPUIPlugin
2024-05-20 21:03:51,187 [INFO] PluginManager:220 - loadIPPluginJar : add comp
2024-05-20 21:03:51,187 [INFO] IPUIPlugin:80 - create IPUIPlugin
2024-05-20 21:03:51,187 [INFO] PluginManager:220 - loadIPPluginJar : add tracer_emb
2024-05-20 21:03:51,189 [INFO] IPUIPlugin:80 - create IPUIPlugin
2024-05-20 21:03:51,189 [INFO] PluginManager:220 - loadIPPluginJar : add openamp
2024-05-20 21:03:51,192 [INFO] IPUIPlugin:80 - create IPUIPlugin
2024-05-20 21:03:51,192 [INFO] PluginManager:220 - loadIPPluginJar : add stm32_wpan
2024-05-20 21:03:51,195 [INFO] IPUIPlugin:80 - create IPUIPlugin
2024-05-20 21:03:51,197 [INFO] PluginManager:220 - loadIPPluginJar : add plateformsettings
2024-05-20 21:03:51,199 [INFO] IPUIPlugin:80 - create IPUIPlugin
2024-05-20 21:03:51,199 [INFO] PluginManager:220 - loadIPPluginJar : add ipddr
2024-05-20 21:03:51,203 [INFO] IPUIPlugin:80 - create IPUIPlugin
2024-05-20 21:03:51,203 [INFO] PluginManager:220 - loadIPPluginJar : add usart
2024-05-20 21:03:51,204 [INFO] IPUIPlugin:80 - create IPUIPlugin
2024-05-20 21:03:51,204 [INFO] PluginManager:220 - loadIPPluginJar : add ltdc
2024-05-20 21:03:51,206 [INFO] IPUIPlugin:80 - create IPUIPlugin
2024-05-20 21:03:51,206 [INFO] PluginManager:220 - loadIPPluginJar : add nvic
2024-05-20 21:03:51,207 [INFO] IPUIPlugin:80 - create IPUIPlugin
2024-05-20 21:03:51,207 [INFO] PluginManager:220 - loadIPPluginJar : add fatfs
2024-05-20 21:03:51,210 [INFO] IPUIPlugin:80 - create IPUIPlugin
2024-05-20 21:03:51,210 [INFO] PluginManager:220 - loadIPPluginJar : add linkedlist
2024-05-20 21:03:51,213 [INFO] IPUIPlugin:80 - create IPUIPlugin
2024-05-20 21:03:51,214 [INFO] PluginManager:220 - loadIPPluginJar : add dma
2024-05-20 21:03:51,215 [INFO] IPUIPlugin:80 - create IPUIPlugin
2024-05-20 21:03:51,216 [INFO] PluginManager:220 - loadIPPluginJar : add fmc
2024-05-20 21:03:51,217 [INFO] IPUIPlugin:80 - create IPUIPlugin
2024-05-20 21:03:51,217 [INFO] PluginManager:220 - loadIPPluginJar : add i2s
2024-05-20 21:03:51,218 [INFO] IPUIPlugin:80 - create IPUIPlugin
2024-05-20 21:03:51,218 [INFO] PluginManager:220 - loadIPPluginJar : add ucpd
2024-05-20 21:03:51,219 [INFO] IPUIPlugin:80 - create IPUIPlugin
2024-05-20 21:03:51,219 [INFO] PluginManager:220 - loadIPPluginJar : add lorawan
2024-05-20 21:03:51,220 [INFO] IPUIPlugin:80 - create IPUIPlugin
2024-05-20 21:03:51,220 [INFO] PluginManager:220 - loadIPPluginJar : add opamp
2024-05-20 21:03:51,222 [INFO] IPUIPlugin:80 - create IPUIPlugin
2024-05-20 21:03:51,222 [INFO] PluginManager:220 - loadIPPluginJar : add i3c
2024-05-20 21:03:51,223 [INFO] IPUIPlugin:80 - create IPUIPlugin
2024-05-20 21:03:51,223 [INFO] PluginManager:220 - loadIPPluginJar : add touchsensing
2024-05-20 21:03:51,224 [INFO] IPUIPlugin:80 - create IPUIPlugin
2024-05-20 21:03:51,224 [INFO] PluginManager:220 - loadIPPluginJar : add i2c
2024-05-20 21:03:51,226 [INFO] IPUIPlugin:80 - create IPUIPlugin
2024-05-20 21:03:51,226 [INFO] PluginManager:220 - loadIPPluginJar : add resmgrutility
2024-05-20 21:03:51,228 [INFO] IPUIPlugin:80 - create IPUIPlugin
2024-05-20 21:03:51,228 [INFO] PluginManager:220 - loadIPPluginJar : add sai
2024-05-20 21:03:51,229 [INFO] IPUIPlugin:80 - create IPUIPlugin
2024-05-20 21:03:51,229 [INFO] PluginManager:220 - loadIPPluginJar : add usbx
2024-05-20 21:03:51,338 [INFO] CADModel:165 - CPN selected for project level
2024-05-20 21:03:51,339 [INFO] CADModel:114 - Register for checkConnection events
2024-05-20 21:03:51,339 [FATAL] Updater:308 - Updater called before beeing initialized
2024-05-20 21:03:51,339 [ERROR] CADModel:125 - Updater not yet initialized, retry later 
2024-05-20 21:03:51,543 [INFO] CADModel:165 - CPN selected for project level
2024-05-20 21:03:51,543 [INFO] CADModel:114 - Register for checkConnection events
2024-05-20 21:03:51,543 [FATAL] Updater:308 - Updater called before beeing initialized
2024-05-20 21:03:51,544 [ERROR] CADModel:125 - Updater not yet initialized, retry later 
2024-05-20 21:03:51,546 [FATAL] Updater:308 - Updater called before beeing initialized
2024-05-20 21:03:51,863 [FATAL] Updater:308 - Updater called before beeing initialized
2024-05-20 21:03:51,872 [INFO] DbMcusAds:53 - JSON generation date=Thu May 02 10:37:29 CEST 2024 (1714639049318)
2024-05-20 21:03:51,873 [FATAL] Updater:308 - Updater called before beeing initialized
2024-05-20 21:03:51,919 [WARN] DetailPanel:346 - Failed to get advertising image, set to default
2024-05-20 21:03:51,975 [FATAL] Updater:308 - Updater called before beeing initialized
2024-05-20 21:03:51,976 [FATAL] Updater:308 - Updater called before beeing initialized
2024-05-20 21:03:51,976 [FATAL] Updater:308 - Updater called before beeing initialized
2024-05-20 21:03:51,976 [WARN] DetailPanel:346 - Failed to get advertising image, set to default
2024-05-20 21:03:51,977 [FATAL] Updater:308 - Updater called before beeing initialized
2024-05-20 21:03:52,054 [ERROR] Updater:1120 - MainUpdater not yet initialized. External WinMGr cannot be set.
2024-05-20 21:03:52,059 [INFO] Updater:1056 - Updater Version found : 6.11.0
2024-05-20 21:03:52,069 [INFO] ApplicationProperties:184 - Using Application install path: /Applications/STM32CubeIDE.app/Contents/Eclipse/plugins/com.st.stm32cube.common.mx_6.11.0.202403141607
2024-05-20 21:03:53,747 [INFO] ThirdPartyUpdaterWithRetryManager:70 - Updater plugin not ready yet. [2/15]
2024-05-20 21:03:54,532 [INFO] MainUpdater:2873 - connection check result : 10
2024-05-20 21:03:54,532 [INFO] MainUpdater:3567 - Updater definition file requires update
2024-05-20 21:03:54,533 [INFO] MainUpdater:290 - Updater Check For Update Now.
2024-05-20 21:03:54,533 [INFO] MicroXplorer:498 - Change Database Version : DB.6.0.110
2024-05-20 21:03:54,539 [INFO] McuFinderGlobals:63 - Set McuFinder mode to 2 (CubeIDE integrated)
2024-05-20 21:03:54,548 [INFO] UserAuth:415 - Internet connection configuration mode: 1
2024-05-20 21:03:54,556 [INFO] JxBrowserEngine:152 - Initiate JxBrowser Engine with user profile folder
2024-05-20 21:03:56,764 [WARN] MainUpdater:1194 - Updater busy. Cannot search thirdparties
2024-05-20 21:03:56,768 [INFO] ThirdPartyUpdaterWithRetryManager:96 - Updater plugin is busy. [1/15]
2024-05-20 21:03:59,770 [WARN] MainUpdater:1194 - Updater busy. Cannot search thirdparties
2024-05-20 21:03:59,771 [INFO] ThirdPartyUpdaterWithRetryManager:96 - Updater plugin is busy. [2/15]
2024-05-20 21:03:59,792 [INFO] WebApp:161 - Instantiating new browser for Auth
2024-05-20 21:04:01,076 [INFO] WebApp:779 - Register for checkConnection events
2024-05-20 21:04:01,076 [INFO] WebApp:414 - Apply proxy settings
2024-05-20 21:04:01,081 [INFO] WebApp:459 - Chromium authenticates against Manually configured proxy
2024-05-20 21:04:01,105 [INFO] WebApp:467 - Username used for proxy authentication: 
2024-05-20 21:04:01,231 [INFO] WebApp:192 - Starting web application
2024-05-20 21:04:01,232 [INFO] WebApp:544 - Web application path used /Applications/STM32CubeIDE.app/Contents/Eclipse/plugins/com.st.stm32cube.common.mx_6.11.0.202403141607/db/plugins/mcufinder/reactClient1/index.html
2024-05-20 21:04:02,778 [WARN] MainUpdater:1194 - Updater busy. Cannot search thirdparties
2024-05-20 21:04:02,779 [INFO] ThirdPartyUpdaterWithRetryManager:96 - Updater plugin is busy. [3/15]
2024-05-20 21:04:05,783 [WARN] MainUpdater:1194 - Updater busy. Cannot search thirdparties
2024-05-20 21:04:05,784 [INFO] ThirdPartyUpdaterWithRetryManager:96 - Updater plugin is busy. [4/15]
2024-05-20 21:04:08,791 [WARN] MainUpdater:1194 - Updater busy. Cannot search thirdparties
2024-05-20 21:04:08,793 [INFO] ThirdPartyUpdaterWithRetryManager:96 - Updater plugin is busy. [5/15]
2024-05-20 21:04:11,801 [WARN] MainUpdater:1194 - Updater busy. Cannot search thirdparties
2024-05-20 21:04:11,805 [INFO] ThirdPartyUpdaterWithRetryManager:96 - Updater plugin is busy. [6/15]
2024-05-20 21:04:14,812 [WARN] MainUpdater:1194 - Updater busy. Cannot search thirdparties
2024-05-20 21:04:14,814 [INFO] ThirdPartyUpdaterWithRetryManager:96 - Updater plugin is busy. [7/15]
2024-05-20 21:04:15,470 [INFO] ServerAccessManage:473 - Download File updaters.zip
2024-05-20 21:04:15,595 [INFO] FileExtend:240 - Unzip File : updaters.zip
2024-05-20 21:04:15,596 [INFO] FileExtend:255 - Standard Zip Deflate
2024-05-20 21:04:15,858 [INFO] ServerAccessManage:473 - Download File PacksControlFlags.xml
2024-05-20 21:04:16,116 [INFO] ServerAccessManage:473 - Download File cubemx.pidx
2024-05-20 21:04:16,912 [INFO] ServerAccessManage:473 - Download File STMicroelectronics.X-CUBE-ALS.pdsc
2024-05-20 21:04:17,825 [WARN] MainUpdater:1194 - Updater busy. Cannot search thirdparties
2024-05-20 21:04:17,830 [INFO] ThirdPartyUpdaterWithRetryManager:96 - Updater plugin is busy. [8/15]
2024-05-20 21:04:18,140 [WARN] PackLoader:240 - Cannot read IP mode file for STMicroelectronics.X-CUBE-ALS.1.0.2
2024-05-20 21:04:18,178 [INFO] PopulateThirdPartyThread:66 - Ending populate Thread
2024-05-20 21:04:18,183 [INFO] ThirdParty:1030 - CMSIS Pack Vendor :STMicroelectronics X-CUBE-ALS 1.0.2
2024-05-20 21:04:18,183 [INFO] LoadServerUpdatesThread:375 - End of LoadServerUpdate Thread
2024-05-20 21:04:18,341 [INFO] CheckServerUpdateThread:120 - End of CheckServer Thread
2024-05-20 21:04:20,968 [WARN] PackLoader:240 - Cannot read IP mode file for STMicroelectronics.FP-SNS-MOTENVWB1.1.4.0
2024-05-20 21:04:20,980 [WARN] PackLoader:240 - Cannot read IP mode file for STMicroelectronics.X-CUBE-SMBUS.2.1.0
2024-05-20 21:04:21,001 [WARN] PackLoader:240 - Cannot read IP mode file for STMicroelectronics.X-CUBE-TOUCHGFX.4.23.1
2024-05-20 21:04:21,004 [WARN] PackLoader:240 - Cannot read IP mode file for STMicroelectronics.X-CUBE-TOUCHGFX.4.23.0
2024-05-20 21:04:21,005 [WARN] PackLoader:240 - Cannot read IP mode file for STMicroelectronics.X-CUBE-TOUCHGFX.4.23.2
2024-05-20 21:04:21,055 [WARN] PackLoader:240 - Cannot read IP mode file for STMicroelectronics.X-CUBE-AZRTOS-F7.1.1.0
2024-05-20 21:04:21,081 [WARN] PackLoader:240 - Cannot read IP mode file for STMicroelectronics.FP-SNS-MOTENV1.4.3.2
2024-05-20 21:04:21,106 [WARN] PackLoader:240 - Cannot read IP mode file for STMicroelectronics.FP-SNS-FLIGHT1.5.0.2
2024-05-20 21:04:21,121 [WARN] PackLoader:240 - Cannot read IP mode file for STMicroelectronics.X-CUBE-DISPLAY.3.0.0
2024-05-20 21:04:21,146 [WARN] PackLoader:240 - Cannot read IP mode file for STMicroelectronics.X-CUBE-BLE1.7.0.0
2024-05-20 21:04:21,162 [WARN] PackLoader:240 - Cannot read IP mode file for emotas.I-CUBE-CANOPEN.1.3.0
2024-05-20 21:04:21,189 [WARN] PackLoader:240 - Cannot read IP mode file for STMicroelectronics.X-CUBE-BLEMGR.3.1.0
2024-05-20 21:04:21,206 [WARN] PackLoader:240 - Cannot read IP mode file for STMicroelectronics.FP-SNS-SMARTAG2.1.2.0
2024-05-20 21:04:21,221 [INFO] LogOutputStream:77 - [STDOUT_REDIRECT] 1 : Invalid condition id : UX_CORESTACK_Condition cause : null
2024-05-20 21:04:21,223 [INFO] LogOutputStream:77 - [STDOUT_REDIRECT] 1 : Invalid condition id : UX_CORESTACK_Condition cause : null
2024-05-20 21:04:21,223 [INFO] LogOutputStream:77 - [STDOUT_REDIRECT] 1 : Invalid condition id : UX_CORESTACK_Condition cause : null
2024-05-20 21:04:21,223 [INFO] LogOutputStream:77 - [STDOUT_REDIRECT] 1 : Invalid condition id : UX_CORESTACK_Condition cause : null
2024-05-20 21:04:21,224 [INFO] LogOutputStream:77 - [STDOUT_REDIRECT] 1 : Invalid condition id : UX_CORESTACK_Condition cause : null
2024-05-20 21:04:21,232 [WARN] PackLoader:240 - Cannot read IP mode file for STMicroelectronics.X-CUBE-AZRTOS-WL.2.0.0
2024-05-20 21:04:21,241 [WARN] PackLoader:240 - Cannot read IP mode file for STMicroelectronics.FP-SNS-MOTENV1.5.0.0
2024-05-20 21:04:21,259 [WARN] PackLoader:240 - Cannot read IP mode file for WES.I-CUBE-Cesium.1.3.0
2024-05-20 21:04:21,273 [WARN] PackLoader:240 - Cannot read IP mode file for STMicroelectronics.X-CUBE-BLE2.3.3.0
2024-05-20 21:04:21,280 [WARN] PackLoader:240 - Cannot read IP mode file for STMicroelectronics.X-CUBE-TCPP.4.1.0
2024-05-20 21:04:21,324 [WARN] PackLoader:240 - Cannot read IP mode file for STMicroelectronics.X-CUBE-ALGOBUILD.1.3.0
2024-05-20 21:04:21,354 [WARN] PackLoader:240 - Cannot read IP mode file for STMicroelectronics.X-CUBE-AZRTOS-G0.1.1.0
2024-05-20 21:04:21,370 [WARN] PackLoader:240 - Cannot read IP mode file for STMicroelectronics.X-CUBE-SAFEA1.1.2.2
2024-05-20 21:04:21,379 [WARN] PackLoader:240 - Cannot read IP mode file for STMicroelectronics.X-CUBE-NFC4.3.0.0
2024-05-20 21:04:21,399 [WARN] PackLoader:240 - Cannot read IP mode file for STMicroelectronics.X-CUBE-BLEMGR.3.0.0
2024-05-20 21:04:21,407 [WARN] PackLoader:240 - Cannot read IP mode file for STMicroelectronics.FP-ATR-SIGFOX1.3.2.0
2024-05-20 21:04:21,422 [WARN] PackLoader:240 - Cannot read IP mode file for STMicroelectronics.X-CUBE-EEPRMA1.5.1.0
2024-05-20 21:04:21,495 [WARN] PackLoader:240 - Cannot read IP mode file for SEGGER.I-CUBE-embOS.1.3.1
2024-05-20 21:04:21,538 [WARN] PackLoader:240 - Cannot read IP mode file for STMicroelectronics.X-CUBE-ALGOBUILD.1.4.0
2024-05-20 21:04:21,547 [WARN] PackLoader:240 - Cannot read IP mode file for STMicroelectronics.X-CUBE-GNSS1.6.0.0
2024-05-20 21:04:21,572 [WARN] PackLoader:240 - Cannot read IP mode file for STMicroelectronics.X-CUBE-AZRTOS-F4.1.1.0
2024-05-20 21:04:21,586 [WARN] PackLoader:240 - Cannot read IP mode file for STMicroelectronics.X-CUBE-FREERTOS.1.2.0
2024-05-20 21:04:21,591 [WARN] PackLoader:240 - Cannot read IP mode file for wolfSSL.I-CUBE-wolfSSL.5.6.6
2024-05-20 21:04:21,613 [WARN] PackLoader:240 - Cannot read IP mode file for STMicroelectronics.X-CUBE-AZRTOS-L5.2.0.0
2024-05-20 21:04:21,626 [WARN] PackLoader:240 - Cannot read IP mode file for STMicroelectronics.X-CUBE-NFC6.3.1.0
2024-05-20 21:04:21,634 [WARN] PackLoader:240 - Cannot read IP mode file for ITTIA_DB.I-CUBE-ITTIADB.8.8.0
2024-05-20 21:04:21,637 [WARN] PackLoader:240 - Cannot read IP mode file for STMicroelectronics.X-CUBE-AI.9.0.0
2024-05-20 21:04:21,642 [WARN] PackLoader:240 - Cannot read IP mode file for STMicroelectronics.X-CUBE-NFC7.1.0.1
2024-05-20 21:04:21,655 [WARN] PackLoader:240 - Cannot read IP mode file for STMicroelectronics.X-CUBE-NFC6.3.0.0
2024-05-20 21:04:21,660 [WARN] PackLoader:240 - Cannot read IP mode file for STMicroelectronics.X-CUBE-AI.8.1.0
2024-05-20 21:04:21,682 [WARN] ConditionMgr:438 - getConditionDescription Invalid condition id : LAN8742 Phy interface Condition cause : null
2024-05-20 21:04:21,688 [WARN] PackLoader:240 - Cannot read IP mode file for STMicroelectronics.X-CUBE-AZRTOS-L4.2.0.0
2024-05-20 21:04:21,691 [WARN] ConditionMgr:1039 - genDependencies : Invalid condition id : LAN8742 Phy interface Condition cause : null
2024-05-20 21:04:21,692 [WARN] ConditionMgr:1039 - genDependencies : Invalid condition id : LAN8742 Phy interface Condition cause : null
2024-05-20 21:04:21,693 [WARN] ConditionMgr:1039 - genDependencies : Invalid condition id : LAN8742 Phy interface Condition cause : null
2024-05-20 21:04:21,728 [WARN] PackLoader:240 - Cannot read IP mode file for STMicroelectronics.X-CUBE-SFXS2LP1.4.0.0
2024-05-20 21:04:21,781 [WARN] ConditionMgr:438 - getConditionDescription Invalid condition id : UX DEVICE CLASS RTOS Condition cause : null
2024-05-20 21:04:21,782 [WARN] ConditionMgr:438 - getConditionDescription Invalid condition id : UX DEVICE CLASS RTOS Condition cause : null
2024-05-20 21:04:21,786 [WARN] PackLoader:240 - Cannot read IP mode file for STMicroelectronics.X-CUBE-AZRTOS-WB.2.0.0
2024-05-20 21:04:21,790 [WARN] ConditionMgr:1039 - genDependencies : Invalid condition id : UX DEVICE CLASS RTOS Condition cause : null
2024-05-20 21:04:21,790 [WARN] ConditionMgr:1039 - genDependencies : Invalid condition id : UX DEVICE CLASS RTOS Condition cause : null
2024-05-20 21:04:21,791 [WARN] ConditionMgr:1039 - genDependencies : Invalid condition id : UX DEVICE CLASS RTOS Condition cause : null
2024-05-20 21:04:21,791 [WARN] ConditionMgr:1039 - genDependencies : Invalid condition id : UX DEVICE CLASS RTOS Condition cause : null
2024-05-20 21:04:21,791 [WARN] ConditionMgr:1039 - genDependencies : Invalid condition id : UX DEVICE CLASS RTOS Condition cause : null
2024-05-20 21:04:21,852 [WARN] PackLoader:240 - Cannot read IP mode file for STMicroelectronics.X-CUBE-SUBG2.5.0.0
2024-05-20 21:04:21,919 [WARN] PackLoader:240 - Cannot read IP mode file for STMicroelectronics.X-CUBE-AZRTOS-G4.2.0.0
2024-05-20 21:04:21,944 [WARN] PackLoader:240 - Cannot read IP mode file for Infineon.AIROC-Wi-Fi-Bluetooth-STM32.1.5.1
2024-05-20 21:04:21,951 [WARN] PackLoader:240 - Cannot read IP mode file for STMicroelectronics.FP-SNS-MOTENVWB1.1.3.1
2024-05-20 21:04:21,954 [WARN] PackLoader:240 - Cannot read IP mode file for STMicroelectronics.X-CUBE-ISPU.2.0.0
2024-05-20 21:04:21,957 [WARN] PackLoader:240 - Cannot read IP mode file for STMicroelectronics.X-CUBE-ALS.1.0.2
2024-05-20 21:04:22,028 [WARN] PackLoader:240 - Cannot read IP mode file for STMicroelectronics.X-CUBE-MEMS1.10.0.0
2024-05-20 21:04:22,155 [WARN] PackLoader:240 - Cannot read IP mode file for STMicroelectronics.X-CUBE-FREERTOS.1.1.0
2024-05-20 21:04:22,161 [WARN] PackLoader:240 - Cannot read IP mode file for portGmbH.I-Cube-SoM-uGOAL.1.1.0
2024-05-20 21:04:22,165 [WARN] PackLoader:240 - Cannot read IP mode file for STMicroelectronics.X-CUBE-ALS.1.0.1
2024-05-20 21:04:22,188 [WARN] PackLoader:240 - Cannot read IP mode file for STMicroelectronics.X-CUBE-AZRTOS-H7RS.1.0.0
2024-05-20 21:04:22,195 [WARN] PackLoader:240 - Cannot read IP mode file for STMicroelectronics.FP-ATR-ASTRA1.2.0.0
2024-05-20 21:04:22,206 [WARN] PackLoader:240 - Cannot read IP mode file for STMicroelectronics.X-CUBE-TOF1.3.4.0
2024-05-20 21:04:22,227 [WARN] PackLoader:240 - Cannot read IP mode file for STMicroelectronics.X-CUBE-TOF1.3.4.1
2024-05-20 21:04:22,259 [WARN] PackLoader:240 - Cannot read IP mode file for STMicroelectronics.X-CUBE-AZRTOS-H7.3.2.0
2024-05-20 21:04:22,278 [INFO] ThirdParty:978 - Integrity check success = true
2024-05-20 21:04:22,278 [INFO] IntegrityCheckThread:100 - exiting critical section [integrity check]
2024-05-20 21:04:22,278 [INFO] IntegrityCheckThread:103 - End integrity checks thread
